<?xml version="1.0" encoding="UTF-8"?>
<testsuites>
  <testsuite name="Bav Library Test Suite" tests="0" assertions="0" failures="0" errors="0" time="0.000000">
    <testsuite name="Bav\Encoder\Iso8859Test" file="/home/dl/Projects/bav/tests/library/Bav/Encoder/Iso8859Test.php" namespace="Bav\Encoder" fullPackage="Bav.Encoder" tests="0" assertions="0" failures="0" errors="0" time="0.000000"/>
  </testsuite>
</testsuites>
